2025-08-20 at 11:38:34 | SUCCESS | PostManager запущен
2025-08-20 at 11:38:36 | SUCCESS | Черновик 1 | Расписание | Инициализировано: ['3:00', '7:00', '22:00']
2025-08-20 at 11:38:36 | SUCCESS | Черновик 1 | Расписание запущено
2025-08-20 at 11:38:36 | INFO | Черновик 1 | Расписание | Начался 1 день
2025-08-20 at 11:38:39 | INFO | Черновик 1 | Расписание | Задача запущена | 03:00
2025-08-20 at 11:38:39 | INFO | Черновик 1 | 1) Попытка опубликовать пост | 03:00
2025-08-20 at 11:38:39 | WARNING | Черновик 1 | 2) Группа оказалась пуста, пытаемся наполнить
2025-08-20 at 11:38:39 | INFO | Черновик 1 | ~1) Попытка получить черновые посты
2025-08-20 at 11:38:39 | INFO | Черновик 1 | ~2) Получен список постов (6 шт)
2025-08-20 at 11:38:39 | WARNING | Черновик 1 | 2) Снова нет НОВЫХ постов, ничего не публикуем
2025-08-20 at 11:38:39 | INFO | Черновик 1 | Расписание | Результат выполнения задачи: None
2025-08-20 at 11:38:43 | INFO | Черновик 1 | Расписание | Задача запущена | 07:00
2025-08-20 at 11:38:43 | INFO | Черновик 1 | 1) Попытка опубликовать пост | 07:00
2025-08-20 at 11:38:43 | WARNING | Черновик 1 | 2) Группа оказалась пуста, пытаемся наполнить
2025-08-20 at 11:38:43 | INFO | Черновик 1 | ~1) Попытка получить черновые посты
2025-08-20 at 11:38:43 | INFO | Черновик 1 | ~2) Получен список постов (6 шт)
2025-08-20 at 11:38:43 | WARNING | Черновик 1 | 2) Снова нет НОВЫХ постов, ничего не публикуем
2025-08-20 at 11:38:43 | INFO | Черновик 1 | Расписание | Результат выполнения задачи: None
2025-08-20 at 11:40:00 | SUCCESS | PostManager запущен
2025-08-20 at 11:40:02 | SUCCESS | Черновик 1 | Расписание | Инициализировано: ['3:00', '7:00', '22:00']
2025-08-20 at 11:40:02 | SUCCESS | Черновик 1 | Расписание запущено
2025-08-20 at 11:40:02 | INFO | Черновик 1 | Расписание | Начался 1 день
2025-08-20 at 11:40:05 | INFO | Черновик 1 | Расписание | Задача запущена | 03:00
2025-08-20 at 11:40:05 | INFO | Черновик 1 | 1) Попытка опубликовать пост | 03:00
2025-08-20 at 11:40:05 | WARNING | Черновик 1 | 2) Группа оказалась пуста, пытаемся наполнить
2025-08-20 at 11:40:05 | INFO | Черновик 1 | ~1) Попытка получить черновые посты
2025-08-20 at 11:40:05 | INFO | Черновик 1 | ~2) Получен список постов (6 шт)
2025-08-20 at 11:40:05 | WARNING | Черновик 1 | 2) Снова нет НОВЫХ постов, ничего не публикуем
2025-08-20 at 11:40:05 | INFO | Черновик 1 | Расписание | Результат выполнения задачи: None
2025-08-20 at 11:40:09 | INFO | Черновик 1 | Расписание | Задача запущена | 07:00
2025-08-20 at 11:40:09 | INFO | Черновик 1 | 1) Попытка опубликовать пост | 07:00
2025-08-20 at 11:40:09 | WARNING | Черновик 1 | 2) Группа оказалась пуста, пытаемся наполнить
2025-08-20 at 11:40:09 | INFO | Черновик 1 | ~1) Попытка получить черновые посты
2025-08-20 at 11:40:09 | INFO | Черновик 1 | ~2) Получен список постов (6 шт)
2025-08-20 at 11:40:09 | WARNING | Черновик 1 | 2) Снова нет НОВЫХ постов, ничего не публикуем
2025-08-20 at 11:40:09 | INFO | Черновик 1 | Расписание | Результат выполнения задачи: None
2025-08-20 at 11:40:25 | ERROR | fffff
2025-08-20 at 11:40:25 | SUCCESS | PostManager запущен
2025-08-20 at 11:40:26 | SUCCESS | Черновик 1 | Расписание | Инициализировано: ['3:00', '7:00', '22:00']
2025-08-20 at 11:40:26 | SUCCESS | Черновик 1 | Расписание запущено
2025-08-20 at 11:40:26 | INFO | Черновик 1 | Расписание | Начался 1 день
2025-08-20 at 11:40:29 | INFO | Черновик 1 | Расписание | Задача запущена | 03:00
2025-08-20 at 11:40:29 | INFO | Черновик 1 | 1) Попытка опубликовать пост | 03:00
2025-08-20 at 11:40:29 | WARNING | Черновик 1 | 2) Группа оказалась пуста, пытаемся наполнить
2025-08-20 at 11:40:29 | INFO | Черновик 1 | ~1) Попытка получить черновые посты
2025-08-20 at 11:40:30 | INFO | Черновик 1 | ~2) Получен список постов (6 шт)
2025-08-20 at 11:40:30 | WARNING | Черновик 1 | 2) Снова нет НОВЫХ постов, ничего не публикуем
2025-08-20 at 11:40:30 | INFO | Черновик 1 | Расписание | Результат выполнения задачи: None
2025-08-20 at 11:40:58 | SUCCESS | PostManager запущен
2025-08-20 at 11:41:00 | SUCCESS | Черновик 1 | Расписание | Инициализировано: ['3:00', '7:00', '22:00']
2025-08-20 at 11:41:00 | SUCCESS | Черновик 1 | Расписание запущено
2025-08-20 at 11:41:00 | INFO | Черновик 1 | Расписание | Начался 1 день
2025-08-20 at 11:41:03 | INFO | Черновик 1 | Расписание | Задача запущена | 03:00
2025-08-20 at 11:41:03 | INFO | Черновик 1 | 1) Попытка опубликовать пост | 03:00
2025-08-20 at 11:41:03 | WARNING | Черновик 1 | 2) Группа оказалась пуста, пытаемся наполнить
2025-08-20 at 11:41:03 | INFO | Черновик 1 | ~1) Попытка получить черновые посты
2025-08-20 at 11:41:03 | INFO | Черновик 1 | ~2) Получен список постов (6 шт)
2025-08-20 at 11:41:03 | WARNING | Черновик 1 | 2) Снова нет НОВЫХ постов, ничего не публикуем
2025-08-20 at 11:41:03 | INFO | Черновик 1 | Расписание | Результат выполнения задачи: None
2025-08-20 at 11:41:07 | INFO | Черновик 1 | Расписание | Задача запущена | 07:00
2025-08-20 at 11:41:07 | INFO | Черновик 1 | 1) Попытка опубликовать пост | 07:00
2025-08-20 at 11:41:07 | WARNING | Черновик 1 | 2) Группа оказалась пуста, пытаемся наполнить
2025-08-20 at 11:41:07 | INFO | Черновик 1 | ~1) Попытка получить черновые посты
2025-08-20 at 11:41:07 | INFO | Черновик 1 | ~2) Получен список постов (6 шт)
2025-08-20 at 11:41:07 | WARNING | Черновик 1 | 2) Снова нет НОВЫХ постов, ничего не публикуем
2025-08-20 at 11:41:07 | INFO | Черновик 1 | Расписание | Результат выполнения задачи: None
